{
  "Unit Tests": {
    "coverage": {
      "/Volumes/code/nerdpursuit-frontend/app/controllers/application_controller.rb": [
        1,
        1,
        null,
        1,
        null,
        1,
        null,
        1,
        0,
        null,
        null,
        1,
        0,
        null,
        null,
        1,
        0,
        0,
        null,
        null
      ],
      "/Volumes/code/nerdpursuit-frontend/app/helpers/application_helper.rb": [
        1,
        null
      ],
      "/Volumes/code/nerdpursuit-frontend/app/helpers/questions_helper.rb": [
        1,
        null
      ],
      "/Volumes/code/nerdpursuit-frontend/app/helpers/sessions_helper.rb": [
        1,
        null
      ],
      "/Volumes/code/nerdpursuit-frontend/app/controllers/questions_controller.rb": [
        1,
        null,
        1,
        1,
        null,
        1,
        0,
        null,
        null,
        1,
        0,
        null,
        null,
        1,
        0,
        0,
        0,
        null,
        0,
        0,
        null,
        0,
        null,
        null,
        null,
        1,
        0,
        0,
        0,
        null,
        0,
        null,
        0,
        null,
        null,
        null,
        1,
        0,
        null,
        null,
        1,
        0,
        0,
        0,
        0,
        null,
        0,
        null,
        null,
        null,
        null,
        null
      ],
      "/Volumes/code/nerdpursuit-frontend/app/models/question.rb": [
        1,
        1,
        null,
        1,
        1,
        1,
        null,
        1,
        0,
        0,
        0,
        0,
        null,
        null,
        1,
        0,
        null,
        null,
        1,
        0,
        0,
        0,
        null,
        null
      ],
      "/Volumes/code/nerdpursuit-frontend/app/controllers/sessions_controller.rb": [
        1,
        1,
        null,
        null,
        1,
        0,
        0,
        0,
        0,
        0,
        0,
        null,
        0,
        0,
        0,
        0,
        0,
        null,
        null,
        null,
        1,
        0,
        null,
        null,
        1,
        0,
        0,
        null,
        null,
        null
      ],
      "/Volumes/code/nerdpursuit-frontend/app/models/authorization.rb": [
        1,
        1,
        null,
        1,
        1,
        null
      ],
      "/Volumes/code/nerdpursuit-frontend/app/models/user.rb": [
        1,
        1,
        null,
        1,
        1,
        1,
        null,
        null
      ]
    },
    "timestamp": 1345142538
  },
  "Functional Tests": {
    "coverage": {
      "/Volumes/code/nerdpursuit-frontend/app/controllers/application_controller.rb": [
        1,
        1,
        null,
        1,
        null,
        1,
        null,
        1,
        0,
        null,
        null,
        1,
        0,
        null,
        null,
        1,
        0,
        0,
        null,
        null
      ],
      "/Volumes/code/nerdpursuit-frontend/app/helpers/application_helper.rb": [
        1,
        null
      ],
      "/Volumes/code/nerdpursuit-frontend/app/helpers/questions_helper.rb": [
        1,
        null
      ],
      "/Volumes/code/nerdpursuit-frontend/app/helpers/sessions_helper.rb": [
        1,
        null
      ],
      "/Volumes/code/nerdpursuit-frontend/app/controllers/questions_controller.rb": [
        1,
        null,
        1,
        1,
        null,
        1,
        0,
        null,
        null,
        1,
        0,
        null,
        null,
        1,
        0,
        0,
        0,
        null,
        0,
        0,
        null,
        0,
        null,
        null,
        null,
        1,
        0,
        0,
        0,
        null,
        0,
        null,
        0,
        null,
        null,
        null,
        1,
        0,
        null,
        null,
        1,
        0,
        0,
        0,
        0,
        null,
        0,
        null,
        null,
        null,
        null,
        null
      ],
      "/Volumes/code/nerdpursuit-frontend/app/models/question.rb": [
        1,
        1,
        null,
        1,
        1,
        1,
        null,
        1,
        0,
        0,
        0,
        0,
        null,
        null,
        1,
        0,
        null,
        null,
        1,
        0,
        0,
        0,
        null,
        null
      ],
      "/Volumes/code/nerdpursuit-frontend/app/controllers/sessions_controller.rb": [
        1,
        1,
        null,
        null,
        1,
        0,
        0,
        0,
        0,
        0,
        0,
        null,
        0,
        0,
        0,
        0,
        0,
        null,
        null,
        null,
        1,
        0,
        null,
        null,
        1,
        0,
        0,
        null,
        null,
        null
      ],
      "/Volumes/code/nerdpursuit-frontend/app/models/authorization.rb": [
        1,
        1,
        null,
        1,
        1,
        null
      ],
      "/Volumes/code/nerdpursuit-frontend/app/models/user.rb": [
        1,
        1,
        null,
        1,
        1,
        1,
        null,
        null
      ]
    },
    "timestamp": 1345142546
  },
  "RSpec": {
    "coverage": {
      "/Volumes/code/nerdpursuit-frontend/app/controllers/application_controller.rb": [
        1,
        1,
        null,
        1,
        null,
        1,
        null,
        1,
        2,
        null,
        null,
        1,
        16,
        null,
        null,
        1,
        5,
        5,
        null,
        null
      ],
      "/Volumes/code/nerdpursuit-frontend/app/controllers/questions_controller.rb": [
        1,
        null,
        1,
        1,
        null,
        1,
        3,
        null,
        null,
        1,
        2,
        null,
        null,
        1,
        0,
        0,
        0,
        null,
        0,
        0,
        null,
        0,
        null,
        null,
        null,
        1,
        0,
        0,
        0,
        null,
        0,
        null,
        0,
        null,
        null,
        null,
        1,
        2,
        null,
        null,
        1,
        4,
        4,
        4,
        4,
        null,
        4,
        null,
        null,
        null,
        null,
        null
      ],
      "/Volumes/code/nerdpursuit-frontend/app/models/question.rb": [
        1,
        1,
        null,
        1,
        1,
        1,
        null,
        1,
        0,
        0,
        0,
        0,
        null,
        null,
        1,
        0,
        null,
        null,
        1,
        0,
        0,
        0,
        null,
        null
      ],
      "/Volumes/code/nerdpursuit-frontend/app/controllers/sessions_controller.rb": [
        1,
        1,
        null,
        null,
        1,
        0,
        0,
        0,
        0,
        0,
        0,
        null,
        0,
        0,
        0,
        0,
        0,
        null,
        null,
        null,
        1,
        2,
        null,
        null,
        1,
        2,
        2,
        null,
        null,
        null
      ],
      "/Volumes/code/nerdpursuit-frontend/app/models/authorization.rb": [
        1,
        1,
        null,
        1,
        1,
        null
      ],
      "/Volumes/code/nerdpursuit-frontend/app/models/user.rb": [
        1,
        1,
        null,
        1,
        1,
        1,
        null,
        null
      ]
    },
    "timestamp": 1345149202
  }
}
